<?xml version="1.0" encoding="UTF-8"?>
<!-- Generated by org.testng.reporters.JUnitReportReporter -->
<testsuite hostname="SHALIVAN-KHANDRE" failures="0" tests="1" name="org.testNGParallel.practice.Test2" time="0.014" errors="0" timestamp="2022-09-13T14:57:45 IST" skipped="0">
  <testcase classname="org.testNGParallel.practice.Test2" name="classes" time="0.014"/>
  <system-out/>
</testsuite> <!-- org.testNGParallel.practice.Test2 -->
