<?xml version="1.0" encoding="UTF-8"?>
<!-- Generated by org.testng.reporters.JUnitReportReporter -->
<testsuite hostname="SHALIVAN-KHANDRE" failures="0" tests="1" name="org.xpath.practice.Lara" time="18.139" errors="0" timestamp="2022-09-17T14:33:24 IST" skipped="0">
  <testcase classname="org.xpath.practice.Lara" name="login" time="18.139"/>
  <system-out/>
</testsuite> <!-- org.xpath.practice.Lara -->
