<?xml version="1.0" encoding="UTF-8"?>
<!-- Generated by org.testng.reporters.JUnitReportReporter -->
<testsuite skipped="0" hostname="SHALIVAN-KHANDRE" name="org.tsetNG.TMS.Scripts.CreatePackageTest" tests="1" failures="0" timestamp="2022-09-20T13:04:27 IST" time="3.719" errors="0">
  <testcase name="createPackageTest" time="3.719" classname="org.tsetNG.TMS.Scripts.CreatePackageTest"/>
  <system-out/>
</testsuite> <!-- org.tsetNG.TMS.Scripts.CreatePackageTest -->
