<?xml version="1.0" encoding="UTF-8"?>
<!-- Generated by org.testng.reporters.JUnitReportReporter -->
<testsuite hostname="SHALIVAN-KHANDRE" failures="0" tests="1" name="org.tsetNG.practice.PracticeTest" time="0.009" errors="0" timestamp="2022-09-14T10:09:29 IST" skipped="0">
  <testcase classname="org.tsetNG.practice.PracticeTest" name="Test" time="0.009"/>
  <system-out>
    <![CDATA[this is TestAnnotation]]>
  </system-out>
</testsuite> <!-- org.tsetNG.practice.PracticeTest -->
