<?xml version="1.0" encoding="UTF-8"?>
<!-- Generated by org.testng.reporters.JUnitReportReporter -->
<testsuite hostname="SHALIVAN-KHANDRE" failures="0" tests="2" name="org.testNGParallel.practice.Test1" time="0.012" errors="0" timestamp="2022-09-13T14:57:45 IST" skipped="0">
  <testcase classname="org.testNGParallel.practice.Test1" name="test2" time="0.005"/>
  <system-out/>
  <testcase classname="org.testNGParallel.practice.Test1" name="tset1" time="0.007"/>
  <system-out/>
</testsuite> <!-- org.testNGParallel.practice.Test1 -->
