<?xml version="1.0" encoding="UTF-8"?>
<!-- Generated by org.testng.reporters.JUnitReportReporter -->
<testsuite hostname="SHALIVAN-KHANDRE" failures="0" tests="1" name="org.tsetNG.practice.Script2" time="7.896" errors="0" timestamp="2022-09-14T18:34:16 IST" skipped="0">
  <testcase classname="org.tsetNG.practice.Script2" name="bookPackageCheckCountIncreases" time="7.896"/>
  <system-out/>
</testsuite> <!-- org.tsetNG.practice.Script2 -->
