<?xml version="1.0" encoding="UTF-8"?>
<!-- Generated by org.testng.reporters.JUnitReportReporter -->
<testsuite skipped="0" hostname="SHALIVAN-KHANDRE" name="org.tsetNG.TMS.Scripts.CreateUserAndCheckCountTest" tests="1" failures="0" timestamp="2022-09-20T13:04:27 IST" time="3.619" errors="0">
  <testcase name="creatUserCheckCount" time="3.619" classname="org.tsetNG.TMS.Scripts.CreateUserAndCheckCountTest"/>
  <system-out/>
</testsuite> <!-- org.tsetNG.TMS.Scripts.CreateUserAndCheckCountTest -->
